{"/Users/kabiribraheem/Documents/react_practice/bootcamp project/storeManager-react/src/pages/Home/index.jsx": {"path":"/Users/kabiribraheem/Documents/react_practice/bootcamp project/storeManager-react/src/pages/Home/index.jsx","statementMap":{"0":{"start":{"line":4,"column":2},"end":{"line":4,"column":34}}},"fnMap":{"0":{"name":"Home","decl":{"start":{"line":3,"column":9},"end":{"line":3,"column":13}},"loc":{"start":{"line":3,"column":16},"end":{"line":5,"column":1}},"line":3}},"branchMap":{},"s":{"0":1},"f":{"0":1},"b":{},"_coverageSchema":"43e27e138ebf9cfc5966b082cf9a028302ed4184","hash":"1a6565e7ee4b60ca1b45e0e59fad8990c23517a1"}
}
