{"/Users/kabiribraheem/Documents/react_practice/bootcamp project/storeManager-react/mockData/index.js": {"path":"/Users/kabiribraheem/Documents/react_practice/bootcamp project/storeManager-react/mockData/index.js","statementMap":{"0":{"start":{"line":4,"column":14},"end":{"line":15,"column":1}},"1":{"start":{"line":17,"column":19},"end":{"line":19,"column":1}},"2":{"start":{"line":21,"column":22},"end":{"line":25,"column":1}},"3":{"start":{"line":27,"column":24},"end":{"line":52,"column":1}},"4":{"start":{"line":54,"column":19},"end":{"line":54,"column":49}},"5":{"start":{"line":55,"column":25},"end":{"line":86,"column":1}},"6":{"start":{"line":88,"column":20},"end":{"line":115,"column":1}},"7":{"start":{"line":117,"column":16},"end":{"line":122,"column":1}},"8":{"start":{"line":123,"column":23},"end":{"line":130,"column":1}},"9":{"start":{"line":131,"column":28},"end":{"line":138,"column":1}},"10":{"start":{"line":139,"column":18},"end":{"line":142,"column":1}},"11":{"start":{"line":145,"column":25},"end":{"line":152,"column":1}},"12":{"start":{"line":153,"column":33},"end":{"line":159,"column":1}},"13":{"start":{"line":161,"column":21},"end":{"line":163,"column":1}},"14":{"start":{"line":164,"column":28},"end":{"line":166,"column":1}},"15":{"start":{"line":167,"column":14},"end":{"line":175,"column":1}},"16":{"start":{"line":176,"column":24},"end":{"line":183,"column":1}},"17":{"start":{"line":184,"column":31},"end":{"line":190,"column":1}},"18":{"start":{"line":191,"column":25},"end":{"line":197,"column":1}},"19":{"start":{"line":198,"column":34},"end":{"line":204,"column":1}},"20":{"start":{"line":206,"column":20},"end":{"line":206,"column":39}},"21":{"start":{"line":208,"column":28},"end":{"line":213,"column":1}},"22":{"start":{"line":215,"column":28},"end":{"line":220,"column":1}},"23":{"start":{"line":222,"column":30},"end":{"line":226,"column":1}},"24":{"start":{"line":228,"column":22},"end":{"line":230,"column":1}},"25":{"start":{"line":232,"column":20},"end":{"line":232,"column":61}},"26":{"start":{"line":234,"column":17},"end":{"line":234,"column":33}},"27":{"start":{"line":236,"column":26},"end":{"line":240,"column":1}},"28":{"start":{"line":242,"column":17},"end":{"line":242,"column":235}}},"fnMap":{},"branchMap":{},"s":{"0":2,"1":2,"2":2,"3":2,"4":2,"5":2,"6":2,"7":2,"8":2,"9":2,"10":2,"11":2,"12":2,"13":2,"14":2,"15":2,"16":2,"17":2,"18":2,"19":2,"20":2,"21":2,"22":2,"23":2,"24":2,"25":2,"26":2,"27":2,"28":2},"f":{},"b":{},"_coverageSchema":"43e27e138ebf9cfc5966b082cf9a028302ed4184","hash":"8daccdbadeeea66088328752b311d5729aa6c256"}
,"/Users/kabiribraheem/Documents/react_practice/bootcamp project/storeManager-react/mockData/profile.js": {"path":"/Users/kabiribraheem/Documents/react_practice/bootcamp project/storeManager-react/mockData/profile.js","statementMap":{"0":{"start":{"line":1,"column":20},"end":{"line":11,"column":1}},"1":{"start":{"line":13,"column":31},"end":{"line":18,"column":1}},"2":{"start":{"line":20,"column":31},"end":{"line":57,"column":1}}},"fnMap":{},"branchMap":{},"s":{"0":2,"1":2,"2":2},"f":{},"b":{},"_coverageSchema":"43e27e138ebf9cfc5966b082cf9a028302ed4184","hash":"cd9711265ddcd24c7eecc231056c6778ef9d6bcf"}
,"/Users/kabiribraheem/Documents/react_practice/bootcamp project/storeManager-react/src/actions/authActions/loading.js": {"path":"/Users/kabiribraheem/Documents/react_practice/bootcamp project/storeManager-react/src/actions/authActions/loading.js","statementMap":{"0":{"start":{"line":1,"column":23},"end":{"line":3,"column":2}},"1":{"start":{"line":1,"column":32},"end":{"line":3,"column":1}}},"fnMap":{"0":{"name":"(anonymous_0)","decl":{"start":{"line":1,"column":23},"end":{"line":1,"column":24}},"loc":{"start":{"line":1,"column":32},"end":{"line":3,"column":1}},"line":1}},"branchMap":{},"s":{"0":1,"1":3},"f":{"0":3},"b":{},"_coverageSchema":"43e27e138ebf9cfc5966b082cf9a028302ed4184","hash":"c8b7ec0ffeb61ca8e5d26c0a2b7f29cb1bf206f1"}
,"/Users/kabiribraheem/Documents/react_practice/bootcamp project/storeManager-react/src/actions/networkError/actionType.js": {"path":"/Users/kabiribraheem/Documents/react_practice/bootcamp project/storeManager-react/src/actions/networkError/actionType.js","statementMap":{"0":{"start":{"line":1,"column":22},"end":{"line":1,"column":37}}},"fnMap":{},"branchMap":{},"s":{"0":2},"f":{},"b":{},"_coverageSchema":"43e27e138ebf9cfc5966b082cf9a028302ed4184","hash":"3fc7012700e51e746936e7fb007fc5703453689e"}
,"/Users/kabiribraheem/Documents/react_practice/bootcamp project/storeManager-react/src/actions/networkError/networkErrorAction.js": {"path":"/Users/kabiribraheem/Documents/react_practice/bootcamp project/storeManager-react/src/actions/networkError/networkErrorAction.js","statementMap":{"0":{"start":{"line":3,"column":21},"end":{"line":6,"column":2}},"1":{"start":{"line":3,"column":33},"end":{"line":6,"column":1}}},"fnMap":{"0":{"name":"(anonymous_0)","decl":{"start":{"line":3,"column":21},"end":{"line":3,"column":22}},"loc":{"start":{"line":3,"column":33},"end":{"line":6,"column":1}},"line":3}},"branchMap":{},"s":{"0":2,"1":1},"f":{"0":1},"b":{},"_coverageSchema":"43e27e138ebf9cfc5966b082cf9a028302ed4184","hash":"6838662722d5e25f869bfb980be31695b1850dcf"}
,"/Users/kabiribraheem/Documents/react_practice/bootcamp project/storeManager-react/src/actions/productActions/actiontypes.js": {"path":"/Users/kabiribraheem/Documents/react_practice/bootcamp project/storeManager-react/src/actions/productActions/actiontypes.js","statementMap":{"0":{"start":{"line":1,"column":20},"end":{"line":8,"column":1}}},"fnMap":{},"branchMap":{},"s":{"0":1},"f":{},"b":{},"_coverageSchema":"43e27e138ebf9cfc5966b082cf9a028302ed4184","hash":"d2c1dd6f2fbeccc6ea3213e02ccdfc1bc10fed33"}
,"/Users/kabiribraheem/Documents/react_practice/bootcamp project/storeManager-react/src/actions/productActions/productActions.js": {"path":"/Users/kabiribraheem/Documents/react_practice/bootcamp project/storeManager-react/src/actions/productActions/productActions.js","statementMap":{"0":{"start":{"line":14,"column":20},"end":{"line":14,"column":31}},"1":{"start":{"line":16,"column":36},"end":{"line":19,"column":2}},"2":{"start":{"line":16,"column":48},"end":{"line":19,"column":1}},"3":{"start":{"line":21,"column":36},"end":{"line":24,"column":2}},"4":{"start":{"line":21,"column":48},"end":{"line":24,"column":1}},"5":{"start":{"line":26,"column":29},"end":{"line":40,"column":1}},"6":{"start":{"line":26,"column":35},"end":{"line":40,"column":1}},"7":{"start":{"line":27,"column":2},"end":{"line":39,"column":3}},"8":{"start":{"line":28,"column":4},"end":{"line":28,"column":47}},"9":{"start":{"line":29,"column":21},"end":{"line":29,"column":43}},"10":{"start":{"line":30,"column":4},"end":{"line":30,"column":45}},"11":{"start":{"line":32,"column":4},"end":{"line":38,"column":5}},"12":{"start":{"line":33,"column":6},"end":{"line":33,"column":53}},"13":{"start":{"line":34,"column":6},"end":{"line":34,"column":47}},"14":{"start":{"line":36,"column":6},"end":{"line":36,"column":51}},"15":{"start":{"line":37,"column":6},"end":{"line":37,"column":39}},"16":{"start":{"line":43,"column":33},"end":{"line":46,"column":2}},"17":{"start":{"line":43,"column":45},"end":{"line":46,"column":1}},"18":{"start":{"line":48,"column":33},"end":{"line":51,"column":2}},"19":{"start":{"line":48,"column":45},"end":{"line":51,"column":1}},"20":{"start":{"line":53,"column":26},"end":{"line":67,"column":1}},"21":{"start":{"line":53,"column":32},"end":{"line":67,"column":1}},"22":{"start":{"line":54,"column":2},"end":{"line":66,"column":3}},"23":{"start":{"line":55,"column":4},"end":{"line":55,"column":44}},"24":{"start":{"line":56,"column":21},"end":{"line":56,"column":40}},"25":{"start":{"line":57,"column":4},"end":{"line":57,"column":42}},"26":{"start":{"line":59,"column":4},"end":{"line":65,"column":5}},"27":{"start":{"line":60,"column":6},"end":{"line":60,"column":50}},"28":{"start":{"line":61,"column":6},"end":{"line":61,"column":47}},"29":{"start":{"line":63,"column":6},"end":{"line":63,"column":51}},"30":{"start":{"line":64,"column":6},"end":{"line":64,"column":39}}},"fnMap":{"0":{"name":"(anonymous_0)","decl":{"start":{"line":16,"column":36},"end":{"line":16,"column":37}},"loc":{"start":{"line":16,"column":48},"end":{"line":19,"column":1}},"line":16},"1":{"name":"(anonymous_1)","decl":{"start":{"line":21,"column":36},"end":{"line":21,"column":37}},"loc":{"start":{"line":21,"column":48},"end":{"line":24,"column":1}},"line":21},"2":{"name":"(anonymous_2)","decl":{"start":{"line":26,"column":29},"end":{"line":26,"column":30}},"loc":{"start":{"line":26,"column":35},"end":{"line":40,"column":1}},"line":26},"3":{"name":"(anonymous_3)","decl":{"start":{"line":26,"column":35},"end":{"line":26,"column":36}},"loc":{"start":{"line":26,"column":55},"end":{"line":40,"column":1}},"line":26},"4":{"name":"(anonymous_4)","decl":{"start":{"line":43,"column":33},"end":{"line":43,"column":34}},"loc":{"start":{"line":43,"column":45},"end":{"line":46,"column":1}},"line":43},"5":{"name":"(anonymous_5)","decl":{"start":{"line":48,"column":33},"end":{"line":48,"column":34}},"loc":{"start":{"line":48,"column":45},"end":{"line":51,"column":1}},"line":48},"6":{"name":"(anonymous_6)","decl":{"start":{"line":53,"column":26},"end":{"line":53,"column":27}},"loc":{"start":{"line":53,"column":32},"end":{"line":67,"column":1}},"line":53},"7":{"name":"(anonymous_7)","decl":{"start":{"line":53,"column":32},"end":{"line":53,"column":33}},"loc":{"start":{"line":53,"column":52},"end":{"line":67,"column":1}},"line":53}},"branchMap":{"0":{"loc":{"start":{"line":32,"column":4},"end":{"line":38,"column":5}},"type":"if","locations":[{"start":{"line":32,"column":4},"end":{"line":38,"column":5}},{"start":{"line":32,"column":4},"end":{"line":38,"column":5}}],"line":32},"1":{"loc":{"start":{"line":59,"column":4},"end":{"line":65,"column":5}},"type":"if","locations":[{"start":{"line":59,"column":4},"end":{"line":65,"column":5}},{"start":{"line":59,"column":4},"end":{"line":65,"column":5}}],"line":59}},"s":{"0":1,"1":1,"2":2,"3":1,"4":2,"5":1,"6":2,"7":2,"8":2,"9":2,"10":1,"11":1,"12":1,"13":1,"14":0,"15":0,"16":1,"17":2,"18":1,"19":2,"20":1,"21":1,"22":1,"23":1,"24":1,"25":0,"26":1,"27":1,"28":1,"29":0,"30":0},"f":{"0":2,"1":2,"2":2,"3":2,"4":2,"5":2,"6":1,"7":1},"b":{"0":[1,0],"1":[1,0]},"_coverageSchema":"43e27e138ebf9cfc5966b082cf9a028302ed4184","hash":"fb01a2fcb5cb41bf4968addef003f3c42214d627"}
,"/Users/kabiribraheem/Documents/react_practice/bootcamp project/storeManager-react/src/constants/index.js": {"path":"/Users/kabiribraheem/Documents/react_practice/bootcamp project/storeManager-react/src/constants/index.js","statementMap":{"0":{"start":{"line":1,"column":25},"end":{"line":1,"column":36}},"1":{"start":{"line":2,"column":15},"end":{"line":2,"column":21}},"2":{"start":{"line":3,"column":23},"end":{"line":3,"column":39}},"3":{"start":{"line":4,"column":13},"end":{"line":4,"column":19}},"4":{"start":{"line":5,"column":15},"end":{"line":5,"column":23}},"5":{"start":{"line":6,"column":29},"end":{"line":6,"column":68}}},"fnMap":{},"branchMap":{},"s":{"0":1,"1":1,"2":1,"3":1,"4":1,"5":1},"f":{},"b":{},"_coverageSchema":"43e27e138ebf9cfc5966b082cf9a028302ed4184","hash":"f956c0146cbcbfe7aaca9303546e4f8ded7ba08e"}
,"/Users/kabiribraheem/Documents/react_practice/bootcamp project/storeManager-react/src/helpers/jwt.js": {"path":"/Users/kabiribraheem/Documents/react_practice/bootcamp project/storeManager-react/src/helpers/jwt.js","statementMap":{"0":{"start":{"line":4,"column":17},"end":{"line":7,"column":1}},"1":{"start":{"line":5,"column":2},"end":{"line":5,"column":46}},"2":{"start":{"line":6,"column":2},"end":{"line":6,"column":37}},"3":{"start":{"line":9,"column":34},"end":{"line":17,"column":1}},"4":{"start":{"line":10,"column":16},"end":{"line":10,"column":52}},"5":{"start":{"line":11,"column":2},"end":{"line":16,"column":3}},"6":{"start":{"line":12,"column":24},"end":{"line":12,"column":40}},"7":{"start":{"line":13,"column":4},"end":{"line":13,"column":22}},"8":{"start":{"line":15,"column":4},"end":{"line":15,"column":16}},"9":{"start":{"line":19,"column":28},"end":{"line":34,"column":1}},"10":{"start":{"line":20,"column":16},"end":{"line":20,"column":52}},"11":{"start":{"line":21,"column":2},"end":{"line":23,"column":3}},"12":{"start":{"line":22,"column":4},"end":{"line":22,"column":17}},"13":{"start":{"line":24,"column":2},"end":{"line":33,"column":3}},"14":{"start":{"line":25,"column":25},"end":{"line":25,"column":41}},"15":{"start":{"line":26,"column":20},"end":{"line":26,"column":30}},"16":{"start":{"line":27,"column":4},"end":{"line":29,"column":5}},"17":{"start":{"line":28,"column":6},"end":{"line":28,"column":18}},"18":{"start":{"line":30,"column":4},"end":{"line":30,"column":17}},"19":{"start":{"line":32,"column":4},"end":{"line":32,"column":17}},"20":{"start":{"line":36,"column":17},"end":{"line":36,"column":53}},"21":{"start":{"line":38,"column":15},"end":{"line":40,"column":1}}},"fnMap":{"0":{"name":"(anonymous_0)","decl":{"start":{"line":4,"column":17},"end":{"line":4,"column":18}},"loc":{"start":{"line":4,"column":36},"end":{"line":7,"column":1}},"line":4},"1":{"name":"(anonymous_1)","decl":{"start":{"line":9,"column":34},"end":{"line":9,"column":35}},"loc":{"start":{"line":9,"column":40},"end":{"line":17,"column":1}},"line":9},"2":{"name":"(anonymous_2)","decl":{"start":{"line":19,"column":28},"end":{"line":19,"column":29}},"loc":{"start":{"line":19,"column":34},"end":{"line":34,"column":1}},"line":19}},"branchMap":{"0":{"loc":{"start":{"line":21,"column":2},"end":{"line":23,"column":3}},"type":"if","locations":[{"start":{"line":21,"column":2},"end":{"line":23,"column":3}},{"start":{"line":21,"column":2},"end":{"line":23,"column":3}}],"line":21},"1":{"loc":{"start":{"line":27,"column":4},"end":{"line":29,"column":5}},"type":"if","locations":[{"start":{"line":27,"column":4},"end":{"line":29,"column":5}},{"start":{"line":27,"column":4},"end":{"line":29,"column":5}}],"line":27}},"s":{"0":1,"1":0,"2":0,"3":1,"4":0,"5":0,"6":0,"7":0,"8":0,"9":1,"10":0,"11":0,"12":0,"13":0,"14":0,"15":0,"16":0,"17":0,"18":0,"19":0,"20":1,"21":1},"f":{"0":0,"1":0,"2":0},"b":{"0":[0,0],"1":[0,0]},"_coverageSchema":"43e27e138ebf9cfc5966b082cf9a028302ed4184","hash":"b367592364c3fd29ad785a9ea3e6650052d8ecd2"}
,"/Users/kabiribraheem/Documents/react_practice/bootcamp project/storeManager-react/src/helpers/validate.js": {"path":"/Users/kabiribraheem/Documents/react_practice/bootcamp project/storeManager-react/src/helpers/validate.js","statementMap":{"0":{"start":{"line":4,"column":17},"end":{"line":4,"column":19}},"1":{"start":{"line":6,"column":2},"end":{"line":10,"column":3}},"2":{"start":{"line":7,"column":4},"end":{"line":7,"column":45}},"3":{"start":{"line":8,"column":9},"end":{"line":10,"column":3}},"4":{"start":{"line":9,"column":4},"end":{"line":9,"column":38}},"5":{"start":{"line":11,"column":2},"end":{"line":15,"column":3}},"6":{"start":{"line":12,"column":4},"end":{"line":12,"column":51}},"7":{"start":{"line":13,"column":9},"end":{"line":15,"column":3}},"8":{"start":{"line":14,"column":4},"end":{"line":14,"column":99}},"9":{"start":{"line":16,"column":2},"end":{"line":16,"column":16}}},"fnMap":{"0":{"name":"signInValidator","decl":{"start":{"line":3,"column":16},"end":{"line":3,"column":31}},"loc":{"start":{"line":3,"column":38},"end":{"line":17,"column":1}},"line":3}},"branchMap":{"0":{"loc":{"start":{"line":6,"column":2},"end":{"line":10,"column":3}},"type":"if","locations":[{"start":{"line":6,"column":2},"end":{"line":10,"column":3}},{"start":{"line":6,"column":2},"end":{"line":10,"column":3}}],"line":6},"1":{"loc":{"start":{"line":8,"column":9},"end":{"line":10,"column":3}},"type":"if","locations":[{"start":{"line":8,"column":9},"end":{"line":10,"column":3}},{"start":{"line":8,"column":9},"end":{"line":10,"column":3}}],"line":8},"2":{"loc":{"start":{"line":11,"column":2},"end":{"line":15,"column":3}},"type":"if","locations":[{"start":{"line":11,"column":2},"end":{"line":15,"column":3}},{"start":{"line":11,"column":2},"end":{"line":15,"column":3}}],"line":11},"3":{"loc":{"start":{"line":13,"column":9},"end":{"line":15,"column":3}},"type":"if","locations":[{"start":{"line":13,"column":9},"end":{"line":15,"column":3}},{"start":{"line":13,"column":9},"end":{"line":15,"column":3}}],"line":13}},"s":{"0":3,"1":3,"2":1,"3":2,"4":2,"5":3,"6":1,"7":2,"8":1,"9":3},"f":{"0":3},"b":{"0":[1,2],"1":[2,0],"2":[1,2],"3":[1,1]},"_coverageSchema":"43e27e138ebf9cfc5966b082cf9a028302ed4184","hash":"93e3a962ab8a65d1d8c4e628868ee0ca28da9f2f"}
,"/Users/kabiribraheem/Documents/react_practice/bootcamp project/storeManager-react/src/helpers/axiosCalls/products.js": {"path":"/Users/kabiribraheem/Documents/react_practice/bootcamp project/storeManager-react/src/helpers/axiosCalls/products.js","statementMap":{"0":{"start":{"line":4,"column":20},"end":{"line":9,"column":1}},"1":{"start":{"line":5,"column":19},"end":{"line":7,"column":3}},"2":{"start":{"line":8,"column":2},"end":{"line":8,"column":18}},"3":{"start":{"line":11,"column":23},"end":{"line":16,"column":1}},"4":{"start":{"line":12,"column":19},"end":{"line":14,"column":3}},"5":{"start":{"line":15,"column":2},"end":{"line":15,"column":18}}},"fnMap":{"0":{"name":"(anonymous_0)","decl":{"start":{"line":4,"column":20},"end":{"line":4,"column":21}},"loc":{"start":{"line":4,"column":32},"end":{"line":9,"column":1}},"line":4},"1":{"name":"(anonymous_1)","decl":{"start":{"line":11,"column":23},"end":{"line":11,"column":24}},"loc":{"start":{"line":11,"column":35},"end":{"line":16,"column":1}},"line":11}},"branchMap":{},"s":{"0":1,"1":0,"2":0,"3":1,"4":0,"5":0},"f":{"0":0,"1":0},"b":{},"_coverageSchema":"43e27e138ebf9cfc5966b082cf9a028302ed4184","hash":"c4503ea4d7296044c36405715a2d95b3196f0d5b"}
,"/Users/kabiribraheem/Documents/react_practice/bootcamp project/storeManager-react/src/pages/Home/index.jsx": {"path":"/Users/kabiribraheem/Documents/react_practice/bootcamp project/storeManager-react/src/pages/Home/index.jsx","statementMap":{"0":{"start":{"line":4,"column":2},"end":{"line":4,"column":43}}},"fnMap":{"0":{"name":"Home","decl":{"start":{"line":3,"column":9},"end":{"line":3,"column":13}},"loc":{"start":{"line":3,"column":16},"end":{"line":5,"column":1}},"line":3}},"branchMap":{},"s":{"0":1},"f":{"0":1},"b":{},"_coverageSchema":"43e27e138ebf9cfc5966b082cf9a028302ed4184","hash":"5cacdd1f7f674c45a58719449b1b18cba08a92e9"}
}
