TN:
SF:/Users/kabiribraheem/Documents/react_practice/bootcamp project/storeManager-react/src/helpers/validate.js
FN:3,validate
FN:18,signInValidator
FN:34,articleValidator
FNF:3
FNH:3
FNDA:3,validate
FNDA:3,signInValidator
FNDA:4,articleValidator
DA:4,3
DA:5,3
DA:6,0
DA:7,0
DA:8,0
DA:10,0
DA:11,0
DA:12,0
DA:13,0
DA:15,0
DA:19,3
DA:21,3
DA:22,0
DA:23,0
DA:24,0
DA:26,0
DA:27,0
DA:28,0
DA:29,0
DA:31,0
DA:35,4
DA:36,4
DA:37,1
DA:39,4
DA:40,1
DA:42,4
DA:43,1
DA:45,4
DA:46,1
DA:48,4
DA:49,0
DA:51,4
LF:32
LH:15
BRDA:5,0,0,0
BRDA:5,0,1,0
BRDA:7,1,0,0
BRDA:7,1,1,0
BRDA:10,2,0,0
BRDA:10,2,1,0
BRDA:12,3,0,0
BRDA:12,3,1,0
BRDA:21,4,0,0
BRDA:21,4,1,0
BRDA:23,5,0,0
BRDA:23,5,1,0
BRDA:26,6,0,0
BRDA:26,6,1,0
BRDA:28,7,0,0
BRDA:28,7,1,0
BRDA:36,8,0,1
BRDA:36,8,1,3
BRDA:39,9,0,1
BRDA:39,9,1,3
BRDA:42,10,0,1
BRDA:42,10,1,3
BRDA:45,11,0,1
BRDA:45,11,1,3
BRDA:48,12,0,0
BRDA:48,12,1,4
BRF:26
BRH:9
end_of_record
TN:
SF:/Users/kabiribraheem/Documents/react_practice/bootcamp project/storeManager-react/src/pages/Home/index.jsx
FN:3,Home
FNF:1
FNH:1
FNDA:1,Home
DA:4,1
LF:1
LH:1
BRF:0
BRH:0
end_of_record
