TN:
SF:/Users/kabiribraheem/Documents/react_practice/bootcamp project/storeManager-react/mockData/index.js
FNF:0
FNH:0
DA:4,2
DA:17,2
DA:21,2
DA:27,2
DA:54,2
DA:55,2
DA:88,2
DA:117,2
DA:123,2
DA:131,2
DA:139,2
DA:145,2
DA:153,2
DA:161,2
DA:164,2
DA:167,2
DA:176,2
DA:184,2
DA:191,2
DA:198,2
DA:206,2
DA:208,2
DA:215,2
DA:222,2
DA:228,2
DA:232,2
DA:234,2
DA:236,2
DA:242,2
LF:29
LH:29
BRF:0
BRH:0
end_of_record
TN:
SF:/Users/kabiribraheem/Documents/react_practice/bootcamp project/storeManager-react/mockData/profile.js
FNF:0
FNH:0
DA:1,2
DA:13,2
DA:20,2
LF:3
LH:3
BRF:0
BRH:0
end_of_record
TN:
SF:/Users/kabiribraheem/Documents/react_practice/bootcamp project/storeManager-react/src/actions/authActions/loading.js
FN:1,(anonymous_0)
FNF:1
FNH:1
FNDA:3,(anonymous_0)
DA:1,3
LF:1
LH:1
BRF:0
BRH:0
end_of_record
TN:
SF:/Users/kabiribraheem/Documents/react_practice/bootcamp project/storeManager-react/src/actions/networkError/actionType.js
FNF:0
FNH:0
DA:1,2
LF:1
LH:1
BRF:0
BRH:0
end_of_record
TN:
SF:/Users/kabiribraheem/Documents/react_practice/bootcamp project/storeManager-react/src/actions/networkError/networkErrorAction.js
FN:3,(anonymous_0)
FNF:1
FNH:1
FNDA:1,(anonymous_0)
DA:3,2
LF:1
LH:1
BRF:0
BRH:0
end_of_record
TN:
SF:/Users/kabiribraheem/Documents/react_practice/bootcamp project/storeManager-react/src/actions/productActions/actiontypes.js
FNF:0
FNH:0
DA:1,1
LF:1
LH:1
BRF:0
BRH:0
end_of_record
TN:
SF:/Users/kabiribraheem/Documents/react_practice/bootcamp project/storeManager-react/src/actions/productActions/productActions.js
FN:16,(anonymous_0)
FN:21,(anonymous_1)
FN:26,(anonymous_2)
FN:26,(anonymous_3)
FN:43,(anonymous_4)
FN:48,(anonymous_5)
FN:53,(anonymous_6)
FN:53,(anonymous_7)
FNF:8
FNH:8
FNDA:2,(anonymous_0)
FNDA:3,(anonymous_1)
FNDA:2,(anonymous_2)
FNDA:2,(anonymous_3)
FNDA:2,(anonymous_4)
FNDA:1,(anonymous_5)
FNDA:1,(anonymous_6)
FNDA:1,(anonymous_7)
DA:14,1
DA:16,2
DA:21,3
DA:26,2
DA:27,2
DA:28,2
DA:29,2
DA:30,1
DA:32,1
DA:33,1
DA:34,1
DA:36,0
DA:37,0
DA:43,2
DA:48,1
DA:53,1
DA:54,1
DA:55,1
DA:56,1
DA:57,0
DA:59,1
DA:60,1
DA:61,1
DA:63,0
DA:64,0
LF:25
LH:20
BRDA:32,0,0,1
BRDA:32,0,1,0
BRDA:59,1,0,1
BRDA:59,1,1,0
BRF:4
BRH:2
end_of_record
TN:
SF:/Users/kabiribraheem/Documents/react_practice/bootcamp project/storeManager-react/src/constants/index.js
FNF:0
FNH:0
DA:1,1
DA:2,1
DA:3,1
DA:4,1
DA:5,1
DA:6,1
LF:6
LH:6
BRF:0
BRH:0
end_of_record
TN:
SF:/Users/kabiribraheem/Documents/react_practice/bootcamp project/storeManager-react/src/helpers/jwt.js
FN:4,(anonymous_0)
FN:9,(anonymous_1)
FN:19,(anonymous_2)
FNF:3
FNH:0
FNDA:0,(anonymous_0)
FNDA:0,(anonymous_1)
FNDA:0,(anonymous_2)
DA:4,1
DA:5,0
DA:6,0
DA:9,1
DA:10,0
DA:11,0
DA:12,0
DA:13,0
DA:15,0
DA:19,1
DA:20,0
DA:21,0
DA:22,0
DA:24,0
DA:25,0
DA:26,0
DA:27,0
DA:28,0
DA:30,0
DA:32,0
DA:36,1
DA:38,1
LF:22
LH:5
BRDA:21,0,0,0
BRDA:21,0,1,0
BRDA:27,1,0,0
BRDA:27,1,1,0
BRF:4
BRH:0
end_of_record
TN:
SF:/Users/kabiribraheem/Documents/react_practice/bootcamp project/storeManager-react/src/helpers/validate.js
FN:3,signInValidator
FNF:1
FNH:1
FNDA:3,signInValidator
DA:4,3
DA:6,3
DA:7,1
DA:8,2
DA:9,2
DA:11,3
DA:12,1
DA:13,2
DA:14,1
DA:16,3
LF:10
LH:10
BRDA:6,0,0,1
BRDA:6,0,1,2
BRDA:8,1,0,2
BRDA:8,1,1,0
BRDA:11,2,0,1
BRDA:11,2,1,2
BRDA:13,3,0,1
BRDA:13,3,1,1
BRF:8
BRH:7
end_of_record
TN:
SF:/Users/kabiribraheem/Documents/react_practice/bootcamp project/storeManager-react/src/helpers/axiosCalls/products.js
FN:4,(anonymous_0)
FN:11,(anonymous_1)
FNF:2
FNH:0
FNDA:0,(anonymous_0)
FNDA:0,(anonymous_1)
DA:4,1
DA:5,0
DA:8,0
DA:11,1
DA:12,0
DA:15,0
LF:6
LH:2
BRF:0
BRH:0
end_of_record
TN:
SF:/Users/kabiribraheem/Documents/react_practice/bootcamp project/storeManager-react/src/pages/Home/index.jsx
FN:3,Home
FNF:1
FNH:1
FNDA:1,Home
DA:4,1
LF:1
LH:1
BRF:0
BRH:0
end_of_record
